2026-01-26 04:20:05.142 [main] INFO  cn.bupt.ibrain_glasses.glasses.GlassesApplication - Starting GlassesApplication using Java 1.8.0_461 on LAPTOP-89N7BK7Q with PID 26872 (D:\glasses\target\classes started by 12976 in D:\glasses)
2026-01-26 04:20:05.144 [main] INFO  cn.bupt.ibrain_glasses.glasses.GlassesApplication - No active profile set, falling back to 1 default profile: "default"
2026-01-26 04:20:05.757 [main] INFO  o.s.boot.web.embedded.tomcat.TomcatWebServer - Tomcat initialized with port(s): 8083 (http)
2026-01-26 04:20:05.762 [main] INFO  org.apache.coyote.http11.Http11NioProtocol - Initializing ProtocolHandler ["http-nio-8083"]
2026-01-26 04:20:05.762 [main] INFO  org.apache.catalina.core.StandardService - Starting service [Tomcat]
2026-01-26 04:20:05.763 [main] INFO  org.apache.catalina.core.StandardEngine - Starting Servlet engine: [Apache Tomcat/9.0.69]
2026-01-26 04:20:05.857 [main] INFO  o.a.c.core.ContainerBase.[Tomcat].[localhost].[/] - Initializing Spring embedded WebApplicationContext
2026-01-26 04:20:05.857 [main] INFO  o.s.b.w.s.c.ServletWebServerApplicationContext - Root WebApplicationContext: initialization completed in 686 ms
2026-01-26 04:20:06.883 [main] INFO  org.apache.coyote.http11.Http11NioProtocol - Starting ProtocolHandler ["http-nio-8083"]
2026-01-26 04:20:06.893 [main] INFO  o.s.boot.web.embedded.tomcat.TomcatWebServer - Tomcat started on port(s): 8083 (http) with context path ''
2026-01-26 04:20:06.900 [main] INFO  cn.bupt.ibrain_glasses.glasses.GlassesApplication - Started GlassesApplication in 2.041 seconds (JVM running for 2.639)
2026-01-26 04:38:12.587 [http-nio-8083-exec-1] INFO  o.a.c.core.ContainerBase.[Tomcat].[localhost].[/] - Initializing Spring DispatcherServlet 'dispatcherServlet'
2026-01-26 04:38:12.591 [http-nio-8083-exec-1] INFO  org.springframework.web.servlet.DispatcherServlet - Initializing Servlet 'dispatcherServlet'
2026-01-26 04:38:12.624 [http-nio-8083-exec-1] INFO  org.springframework.web.servlet.DispatcherServlet - Completed initialization in 33 ms
2026-01-26 04:38:12.759 [http-nio-8083-exec-1] INFO  com.zaxxer.hikari.HikariDataSource - HikariPool-1 - Starting...
2026-01-26 04:38:12.989 [http-nio-8083-exec-1] INFO  com.zaxxer.hikari.HikariDataSource - HikariPool-1 - Start completed.
2026-01-26 04:49:10.434 [SpringApplicationShutdownHook] INFO  com.zaxxer.hikari.HikariDataSource - HikariPool-1 - Shutdown initiated...
2026-01-26 04:49:10.455 [SpringApplicationShutdownHook] INFO  com.zaxxer.hikari.HikariDataSource - HikariPool-1 - Shutdown completed.
2026-01-26 12:03:41.833 [main] INFO  cn.bupt.ibrain_glasses.glasses.GlassesApplication - Starting GlassesApplication using Java 1.8.0_461 on LAPTOP-89N7BK7Q with PID 9464 (D:\glasses\target\classes started by 12976 in D:\glasses)
2026-01-26 12:03:41.836 [main] INFO  cn.bupt.ibrain_glasses.glasses.GlassesApplication - No active profile set, falling back to 1 default profile: "default"
2026-01-26 12:03:42.483 [main] INFO  o.s.boot.web.embedded.tomcat.TomcatWebServer - Tomcat initialized with port(s): 8083 (http)
2026-01-26 12:03:42.489 [main] INFO  org.apache.coyote.http11.Http11NioProtocol - Initializing ProtocolHandler ["http-nio-8083"]
2026-01-26 12:03:42.489 [main] INFO  org.apache.catalina.core.StandardService - Starting service [Tomcat]
2026-01-26 12:03:42.489 [main] INFO  org.apache.catalina.core.StandardEngine - Starting Servlet engine: [Apache Tomcat/9.0.69]
2026-01-26 12:03:42.633 [main] INFO  o.a.c.core.ContainerBase.[Tomcat].[localhost].[/] - Initializing Spring embedded WebApplicationContext
2026-01-26 12:03:42.633 [main] INFO  o.s.b.w.s.c.ServletWebServerApplicationContext - Root WebApplicationContext: initialization completed in 764 ms
2026-01-26 12:03:43.691 [main] INFO  org.apache.coyote.http11.Http11NioProtocol - Starting ProtocolHandler ["http-nio-8083"]
2026-01-26 12:03:43.701 [main] INFO  o.s.boot.web.embedded.tomcat.TomcatWebServer - Tomcat started on port(s): 8083 (http) with context path ''
2026-01-26 12:03:43.708 [main] INFO  cn.bupt.ibrain_glasses.glasses.GlassesApplication - Started GlassesApplication in 2.213 seconds (JVM running for 2.834)
2026-01-26 12:13:57.803 [http-nio-8083-exec-1] INFO  o.a.c.core.ContainerBase.[Tomcat].[localhost].[/] - Initializing Spring DispatcherServlet 'dispatcherServlet'
2026-01-26 12:13:57.808 [http-nio-8083-exec-1] INFO  org.springframework.web.servlet.DispatcherServlet - Initializing Servlet 'dispatcherServlet'
2026-01-26 12:13:57.840 [http-nio-8083-exec-1] INFO  org.springframework.web.servlet.DispatcherServlet - Completed initialization in 32 ms
2026-01-26 12:13:57.985 [http-nio-8083-exec-1] INFO  com.zaxxer.hikari.HikariDataSource - HikariPool-1 - Starting...
2026-01-26 12:13:58.275 [http-nio-8083-exec-1] INFO  com.zaxxer.hikari.HikariDataSource - HikariPool-1 - Start completed.
2026-01-26 12:24:10.430 [SpringApplicationShutdownHook] INFO  com.zaxxer.hikari.HikariDataSource - HikariPool-1 - Shutdown initiated...
2026-01-26 12:24:10.461 [SpringApplicationShutdownHook] INFO  com.zaxxer.hikari.HikariDataSource - HikariPool-1 - Shutdown completed.
2026-01-26 12:27:27.293 [main] INFO  cn.bupt.ibrain_glasses.glasses.GlassesApplication - Starting GlassesApplication using Java 1.8.0_461 on LAPTOP-89N7BK7Q with PID 8056 (D:\glasses\target\classes started by 12976 in D:\glasses)
2026-01-26 12:27:27.295 [main] INFO  cn.bupt.ibrain_glasses.glasses.GlassesApplication - No active profile set, falling back to 1 default profile: "default"
2026-01-26 12:27:27.950 [main] INFO  o.s.boot.web.embedded.tomcat.TomcatWebServer - Tomcat initialized with port(s): 8083 (http)
2026-01-26 12:27:27.955 [main] INFO  org.apache.coyote.http11.Http11NioProtocol - Initializing ProtocolHandler ["http-nio-8083"]
2026-01-26 12:27:27.955 [main] INFO  org.apache.catalina.core.StandardService - Starting service [Tomcat]
2026-01-26 12:27:27.955 [main] INFO  org.apache.catalina.core.StandardEngine - Starting Servlet engine: [Apache Tomcat/9.0.69]
2026-01-26 12:27:28.110 [main] INFO  o.a.c.core.ContainerBase.[Tomcat].[localhost].[/] - Initializing Spring embedded WebApplicationContext
2026-01-26 12:27:28.110 [main] INFO  o.s.b.w.s.c.ServletWebServerApplicationContext - Root WebApplicationContext: initialization completed in 784 ms
2026-01-26 12:27:29.164 [main] INFO  org.apache.coyote.http11.Http11NioProtocol - Starting ProtocolHandler ["http-nio-8083"]
2026-01-26 12:27:29.175 [main] INFO  o.s.boot.web.embedded.tomcat.TomcatWebServer - Tomcat started on port(s): 8083 (http) with context path ''
2026-01-26 12:27:29.181 [main] INFO  cn.bupt.ibrain_glasses.glasses.GlassesApplication - Started GlassesApplication in 2.196 seconds (JVM running for 2.78)
2026-01-26 12:27:33.145 [http-nio-8083-exec-1] INFO  o.a.c.core.ContainerBase.[Tomcat].[localhost].[/] - Initializing Spring DispatcherServlet 'dispatcherServlet'
2026-01-26 12:27:33.145 [http-nio-8083-exec-1] INFO  org.springframework.web.servlet.DispatcherServlet - Initializing Servlet 'dispatcherServlet'
2026-01-26 12:27:33.146 [http-nio-8083-exec-1] INFO  org.springframework.web.servlet.DispatcherServlet - Completed initialization in 1 ms
2026-01-26 12:27:33.214 [http-nio-8083-exec-1] INFO  com.zaxxer.hikari.HikariDataSource - HikariPool-1 - Starting...
2026-01-26 12:27:33.469 [http-nio-8083-exec-1] INFO  com.zaxxer.hikari.HikariDataSource - HikariPool-1 - Start completed.
2026-01-26 16:31:15.711 [main] INFO  cn.bupt.ibrain_glasses.glasses.GlassesApplication - Starting GlassesApplication using Java 1.8.0_461 on LAPTOP-89N7BK7Q with PID 46704 (D:\glasses\target\classes started by 12976 in D:\glasses)
2026-01-26 16:31:15.714 [main] INFO  cn.bupt.ibrain_glasses.glasses.GlassesApplication - No active profile set, falling back to 1 default profile: "default"
2026-01-26 16:31:16.534 [main] INFO  o.s.boot.web.embedded.tomcat.TomcatWebServer - Tomcat initialized with port(s): 8083 (http)
2026-01-26 16:31:16.539 [main] INFO  org.apache.coyote.http11.Http11NioProtocol - Initializing ProtocolHandler ["http-nio-8083"]
2026-01-26 16:31:16.540 [main] INFO  org.apache.catalina.core.StandardService - Starting service [Tomcat]
2026-01-26 16:31:16.540 [main] INFO  org.apache.catalina.core.StandardEngine - Starting Servlet engine: [Apache Tomcat/9.0.69]
2026-01-26 16:31:16.631 [main] INFO  o.a.c.core.ContainerBase.[Tomcat].[localhost].[/] - Initializing Spring embedded WebApplicationContext
2026-01-26 16:31:16.631 [main] INFO  o.s.b.w.s.c.ServletWebServerApplicationContext - Root WebApplicationContext: initialization completed in 881 ms
2026-01-26 16:31:17.575 [main] INFO  org.apache.coyote.http11.Http11NioProtocol - Starting ProtocolHandler ["http-nio-8083"]
2026-01-26 16:31:17.584 [main] INFO  o.s.boot.web.embedded.tomcat.TomcatWebServer - Tomcat started on port(s): 8083 (http) with context path ''
2026-01-26 16:31:17.590 [main] INFO  cn.bupt.ibrain_glasses.glasses.GlassesApplication - Started GlassesApplication in 2.278 seconds (JVM running for 2.816)
2026-01-26 16:31:23.593 [http-nio-8083-exec-1] INFO  o.a.c.core.ContainerBase.[Tomcat].[localhost].[/] - Initializing Spring DispatcherServlet 'dispatcherServlet'
2026-01-26 16:31:23.594 [http-nio-8083-exec-1] INFO  org.springframework.web.servlet.DispatcherServlet - Initializing Servlet 'dispatcherServlet'
2026-01-26 16:31:23.595 [http-nio-8083-exec-1] INFO  org.springframework.web.servlet.DispatcherServlet - Completed initialization in 1 ms
2026-01-26 16:31:23.685 [http-nio-8083-exec-1] INFO  com.zaxxer.hikari.HikariDataSource - HikariPool-1 - Starting...
2026-01-26 16:31:23.923 [http-nio-8083-exec-1] INFO  com.zaxxer.hikari.HikariDataSource - HikariPool-1 - Start completed.
2026-01-26 16:37:47.667 [SpringApplicationShutdownHook] INFO  com.zaxxer.hikari.HikariDataSource - HikariPool-1 - Shutdown initiated...
2026-01-26 16:37:47.697 [SpringApplicationShutdownHook] INFO  com.zaxxer.hikari.HikariDataSource - HikariPool-1 - Shutdown completed.
2026-01-26 16:39:27.395 [main] INFO  cn.bupt.ibrain_glasses.glasses.GlassesApplication - Starting GlassesApplication using Java 1.8.0_461 on LAPTOP-89N7BK7Q with PID 45992 (D:\glasses\target\classes started by 12976 in D:\glasses)
2026-01-26 16:39:27.397 [main] INFO  cn.bupt.ibrain_glasses.glasses.GlassesApplication - No active profile set, falling back to 1 default profile: "default"
2026-01-26 16:39:28.186 [main] INFO  o.s.boot.web.embedded.tomcat.TomcatWebServer - Tomcat initialized with port(s): 8083 (http)
2026-01-26 16:39:28.196 [main] INFO  org.apache.coyote.http11.Http11NioProtocol - Initializing ProtocolHandler ["http-nio-8083"]
2026-01-26 16:39:28.197 [main] INFO  org.apache.catalina.core.StandardService - Starting service [Tomcat]
2026-01-26 16:39:28.198 [main] INFO  org.apache.catalina.core.StandardEngine - Starting Servlet engine: [Apache Tomcat/9.0.69]
2026-01-26 16:39:28.376 [main] INFO  o.a.c.core.ContainerBase.[Tomcat].[localhost].[/] - Initializing Spring embedded WebApplicationContext
2026-01-26 16:39:28.377 [main] INFO  o.s.b.w.s.c.ServletWebServerApplicationContext - Root WebApplicationContext: initialization completed in 952 ms
2026-01-26 16:39:29.458 [main] INFO  org.apache.coyote.http11.Http11NioProtocol - Starting ProtocolHandler ["http-nio-8083"]
2026-01-26 16:39:29.470 [main] INFO  o.s.boot.web.embedded.tomcat.TomcatWebServer - Tomcat started on port(s): 8083 (http) with context path ''
2026-01-26 16:39:29.477 [main] INFO  cn.bupt.ibrain_glasses.glasses.GlassesApplication - Started GlassesApplication in 2.406 seconds (JVM running for 3.001)
2026-01-26 16:39:55.082 [http-nio-8083-exec-1] INFO  o.a.c.core.ContainerBase.[Tomcat].[localhost].[/] - Initializing Spring DispatcherServlet 'dispatcherServlet'
2026-01-26 16:39:55.082 [http-nio-8083-exec-1] INFO  org.springframework.web.servlet.DispatcherServlet - Initializing Servlet 'dispatcherServlet'
2026-01-26 16:39:55.083 [http-nio-8083-exec-1] INFO  org.springframework.web.servlet.DispatcherServlet - Completed initialization in 1 ms
2026-01-26 16:39:55.156 [http-nio-8083-exec-1] INFO  com.zaxxer.hikari.HikariDataSource - HikariPool-1 - Starting...
2026-01-26 16:39:55.288 [http-nio-8083-exec-1] INFO  com.zaxxer.hikari.HikariDataSource - HikariPool-1 - Start completed.
2026-01-26 16:39:55.355 [http-nio-8083-exec-1] INFO  c.b.i.glasses.controller.TimeDataController - Inserted time data: key=(13800138001,EE:83:3C:F2:83:63), username=18459898778, start_time=2026-01-26T01:12, duration=300
2026-01-26 16:39:55.355 [http-nio-8083-exec-1] INFO  c.b.i.glasses.controller.TimeDataController - Inserted time data: key=(13800138001,EE:83:3C:F2:83:63), username=18459898778, start_time=2026-01-26T01:12, duration=300
2026-01-26 16:40:58.551 [http-nio-8083-exec-6] INFO  c.b.i.glasses.controller.TimeDataController - Inserted time data: key=(13800138001,EE:83:3C:F2:83:71), username=18459898778, start_time=2026-01-26T01:10:30, duration=120
2026-01-26 16:40:58.551 [http-nio-8083-exec-6] INFO  c.b.i.glasses.controller.TimeDataController - Inserted time data: key=(13800138001,EE:83:3C:F2:83:71), username=18459898778, start_time=2026-01-26T01:10:30, duration=120
2026-01-26 16:40:58.551 [http-nio-8083-exec-6] INFO  c.b.i.glasses.controller.TimeDataController - Batch insert success: total=1, invalid=0, duplicate=0
2026-01-26 16:40:58.551 [http-nio-8083-exec-6] INFO  c.b.i.glasses.controller.TimeDataController - Batch insert success: total=1, invalid=0, duplicate=0
2026-01-26 16:41:29.190 [SpringApplicationShutdownHook] INFO  com.zaxxer.hikari.HikariDataSource - HikariPool-1 - Shutdown initiated...
2026-01-26 16:41:29.212 [SpringApplicationShutdownHook] INFO  com.zaxxer.hikari.HikariDataSource - HikariPool-1 - Shutdown completed.
